c:\users\joshua\dropbox\github\protheus-engine\debug\protheus.bsc
c:\users\joshua\dropbox\github\protheus-engine\bombman\debug\vc120.pdb
c:\users\joshua\dropbox\github\protheus-engine\bombman\debug\vc120.idb
c:\users\joshua\dropbox\github\protheus-engine\bombman\debug\game.sbr
c:\users\joshua\dropbox\github\protheus-engine\bombman\debug\entrypoint.sbr
c:\users\joshua\dropbox\github\protheus-engine\bombman\debug\window.sbr
c:\users\joshua\dropbox\github\protheus-engine\bombman\debug\timer.sbr
c:\users\joshua\dropbox\github\protheus-engine\bombman\debug\tile.sbr
c:\users\joshua\dropbox\github\protheus-engine\bombman\debug\spritemanager.sbr
c:\users\joshua\dropbox\github\protheus-engine\bombman\debug\spriteentity.sbr
c:\users\joshua\dropbox\github\protheus-engine\bombman\debug\sprite.sbr
c:\users\joshua\dropbox\github\protheus-engine\bombman\debug\scene.sbr
c:\users\joshua\dropbox\github\protheus-engine\bombman\debug\renderer.sbr
c:\users\joshua\dropbox\github\protheus-engine\bombman\debug\network.sbr
c:\users\joshua\dropbox\github\protheus-engine\bombman\debug\name.sbr
c:\users\joshua\dropbox\github\protheus-engine\bombman\debug\map.sbr
c:\users\joshua\dropbox\github\protheus-engine\bombman\debug\item.sbr
c:\users\joshua\dropbox\github\protheus-engine\bombman\debug\inventory.sbr
c:\users\joshua\dropbox\github\protheus-engine\bombman\debug\input.sbr
c:\users\joshua\dropbox\github\protheus-engine\bombman\debug\idmanager.sbr
c:\users\joshua\dropbox\github\protheus-engine\bombman\debug\eventhandeler.sbr
c:\users\joshua\dropbox\github\protheus-engine\bombman\debug\entity.sbr
c:\users\joshua\dropbox\github\protheus-engine\bombman\debug\core.sbr
c:\users\joshua\dropbox\github\protheus-engine\bombman\debug\core.obj
c:\users\joshua\dropbox\github\protheus-engine\bombman\debug\entity.obj
c:\users\joshua\dropbox\github\protheus-engine\bombman\debug\eventhandeler.obj
c:\users\joshua\dropbox\github\protheus-engine\bombman\debug\idmanager.obj
c:\users\joshua\dropbox\github\protheus-engine\bombman\debug\input.obj
c:\users\joshua\dropbox\github\protheus-engine\bombman\debug\inventory.obj
c:\users\joshua\dropbox\github\protheus-engine\bombman\debug\item.obj
c:\users\joshua\dropbox\github\protheus-engine\bombman\debug\map.obj
c:\users\joshua\dropbox\github\protheus-engine\bombman\debug\name.obj
c:\users\joshua\dropbox\github\protheus-engine\bombman\debug\network.obj
c:\users\joshua\dropbox\github\protheus-engine\bombman\debug\renderer.obj
c:\users\joshua\dropbox\github\protheus-engine\bombman\debug\scene.obj
c:\users\joshua\dropbox\github\protheus-engine\bombman\debug\sprite.obj
c:\users\joshua\dropbox\github\protheus-engine\bombman\debug\spriteentity.obj
c:\users\joshua\dropbox\github\protheus-engine\bombman\debug\spritemanager.obj
c:\users\joshua\dropbox\github\protheus-engine\bombman\debug\tile.obj
c:\users\joshua\dropbox\github\protheus-engine\bombman\debug\timer.obj
c:\users\joshua\dropbox\github\protheus-engine\bombman\debug\window.obj
c:\users\joshua\dropbox\github\protheus-engine\bombman\debug\entrypoint.obj
c:\users\joshua\dropbox\github\protheus-engine\bombman\debug\game.obj
c:\users\joshua\dropbox\github\protheus-engine\bombman\debug\camera.sbr
c:\users\joshua\dropbox\github\protheus-engine\bombman\debug\avatar.sbr
c:\users\joshua\dropbox\github\protheus-engine\bombman\debug\animatedsprite.sbr
c:\users\joshua\dropbox\github\protheus-engine\bombman\debug\animatedentity.sbr
c:\users\joshua\dropbox\github\protheus-engine\bombman\debug\cst_input.sbr
c:\users\joshua\dropbox\github\protheus-engine\bombman\debug\bomb.sbr
c:\users\joshua\dropbox\github\protheus-engine\bombman\debug\bomb.obj
c:\users\joshua\dropbox\github\protheus-engine\bombman\debug\cst_input.obj
c:\users\joshua\dropbox\github\protheus-engine\bombman\debug\animatedentity.obj
c:\users\joshua\dropbox\github\protheus-engine\bombman\debug\animatedsprite.obj
c:\users\joshua\dropbox\github\protheus-engine\bombman\debug\avatar.obj
c:\users\joshua\dropbox\github\protheus-engine\bombman\debug\camera.obj
c:\users\joshua\dropbox\github\protheus-engine\debug\protheus.exe
c:\users\joshua\dropbox\github\protheus-engine\debug\protheus.pdb
c:\users\joshua\dropbox\github\protheus-engine\bombman\debug\protheus.tlog\bscmake.command.1.tlog
c:\users\joshua\dropbox\github\protheus-engine\bombman\debug\protheus.tlog\bscmake.read.1.tlog
c:\users\joshua\dropbox\github\protheus-engine\bombman\debug\protheus.tlog\bscmake.write.1.tlog
c:\users\joshua\dropbox\github\protheus-engine\bombman\debug\protheus.tlog\cl.command.1.tlog
c:\users\joshua\dropbox\github\protheus-engine\bombman\debug\protheus.tlog\cl.read.1.tlog
c:\users\joshua\dropbox\github\protheus-engine\bombman\debug\protheus.tlog\cl.write.1.tlog
c:\users\joshua\dropbox\github\protheus-engine\bombman\debug\protheus.tlog\link.command.1.tlog
c:\users\joshua\dropbox\github\protheus-engine\bombman\debug\protheus.tlog\link.read.1.tlog
c:\users\joshua\dropbox\github\protheus-engine\bombman\debug\protheus.tlog\link.write.1.tlog
