Build started 16/04/2014 5:33:10 PM.
     1>Project "C:\Users\Joshua\Dropbox\GitHub\Protheus-Engine\BombMan\BombMan.vcxproj" on node 2 (Build target(s)).
     1>ClCompile:
         C:\Program Files (x86)\Microsoft Visual Studio 12.0\VC\bin\CL.exe /c /ZI /nologo /W3 /WX- /sdl /Od /Oy- /D _MBCS /Gm /EHsc /RTC1 /MD /GS /fp:precise /Zc:wchar_t /Zc:forScope /Fo"Debug\\" /Fd"Debug\vc120.pdb" /FR"Debug\\" /Gd /TP /analyze- /errorReport:prompt Game.cpp
         Game.cpp
       Link:
         C:\Program Files (x86)\Microsoft Visual Studio 12.0\VC\bin\link.exe /ERRORREPORT:PROMPT /OUT:"C:\Users\Joshua\Dropbox\GitHub\Protheus-Engine\Debug\Protheus.exe" /INCREMENTAL /NOLOGO SDL2_image.lib SDL2.lib SDL2main.lib SDL2_net.lib SDL2_ttf.lib kernel32.lib user32.lib gdi32.lib winspool.lib comdlg32.lib advapi32.lib shell32.lib ole32.lib oleaut32.lib uuid.lib odbc32.lib odbccp32.lib /MANIFEST /MANIFESTUAC:"level='asInvoker' uiAccess='false'" /manifest:embed /DEBUG /PDB:"C:\Users\Joshua\Dropbox\GitHub\Protheus-Engine\Debug\Protheus.pdb" /SUBSYSTEM:CONSOLE /TLBID:1 /DYNAMICBASE /NXCOMPAT /IMPLIB:"C:\Users\Joshua\Dropbox\GitHub\Protheus-Engine\Debug\Protheus.lib" /MACHINE:X86 /PROFILE Debug\AnimatedEntity.obj
         Debug\AnimatedSprite.obj
         Debug\Avatar.obj
         Debug\Camera.obj
         Debug\Core.obj
         Debug\Entity.obj
         Debug\EventHandeler.obj
         Debug\GUI.obj
         Debug\GUIEntity.obj
         Debug\IDManager.obj
         Debug\Input.obj
         Debug\Inventory.obj
         Debug\Item.obj
         Debug\Map.obj
         Debug\Name.obj
         Debug\Network.obj
         Debug\Renderer.obj
         Debug\Scene.obj
         Debug\Sprite.obj
         Debug\SpriteEntity.obj
         Debug\SpriteManager.obj
         Debug\Tile.obj
         Debug\Timer.obj
         Debug\Window.obj
         Debug\EntryPoint.obj
         Debug\Game.obj
         Debug\GUIButton.obj
         Debug\GUICollapsibleMenu.obj
         Debug\GUIContext.obj
         Debug\GUIEditor.obj
         Debug\GUILabel.obj
         Debug\GUISlider.obj
         Debug\GUIText.obj
         Debug\GUIWindow.obj
         Debug\GUIEvent.obj
     1>LINK : warning LNK4075: ignoring '/INCREMENTAL' due to '/PROFILE' specification
     1>AnimatedEntity.obj : warning LNK4075: ignoring '/EDITANDCONTINUE' due to '/OPT:LBR' specification
         BombMan.vcxproj -> C:\Users\Joshua\Dropbox\GitHub\Protheus-Engine\Debug\Protheus.exe
       BscMake:
         C:\Program Files (x86)\Microsoft Visual Studio 12.0\VC\bin\bscmake.exe /nologo /o"C:\Users\Joshua\Dropbox\GitHub\Protheus-Engine\Debug\Protheus.bsc" /n Debug\AnimatedEntity.sbr Debug\AnimatedSprite.sbr Debug\Avatar.sbr Debug\Camera.sbr Debug\Core.sbr Debug\Entity.sbr Debug\EventHandeler.sbr Debug\GUI.sbr Debug\GUIEntity.sbr Debug\IDManager.sbr Debug\Input.sbr Debug\Inventory.sbr Debug\Item.sbr Debug\Map.sbr Debug\Name.sbr Debug\Network.sbr Debug\Renderer.sbr Debug\Scene.sbr Debug\Sprite.sbr Debug\SpriteEntity.sbr Debug\SpriteManager.sbr Debug\Tile.sbr Debug\Timer.sbr Debug\Window.sbr Debug\EntryPoint.sbr Debug\Game.sbr Debug\GUIButton.sbr Debug\GUICollapsibleMenu.sbr Debug\GUIContext.sbr Debug\GUIEditor.sbr Debug\GUILabel.sbr Debug\GUISlider.sbr Debug\GUIText.sbr Debug\GUIWindow.sbr Debug\GUIEvent.sbr
     1>Done Building Project "C:\Users\Joshua\Dropbox\GitHub\Protheus-Engine\BombMan\BombMan.vcxproj" (Build target(s)).

Build succeeded.

Time Elapsed 00:00:04.88
