c:\users\joshua\dropbox\github\protheus-engine\debug\protheus.bsc
c:\users\joshua\dropbox\github\protheus-engine\scr\debug\vc120.pdb
c:\users\joshua\dropbox\github\protheus-engine\scr\debug\vc120.idb
c:\users\joshua\dropbox\github\protheus-engine\scr\debug\guidropdownmenu.sbr
c:\users\joshua\dropbox\github\protheus-engine\scr\debug\guimenubar.sbr
c:\users\joshua\dropbox\github\protheus-engine\scr\debug\guievent.sbr
c:\users\joshua\dropbox\github\protheus-engine\scr\debug\guiwindow.sbr
c:\users\joshua\dropbox\github\protheus-engine\scr\debug\guitext.sbr
c:\users\joshua\dropbox\github\protheus-engine\scr\debug\guislider.sbr
c:\users\joshua\dropbox\github\protheus-engine\scr\debug\guilabel.sbr
c:\users\joshua\dropbox\github\protheus-engine\scr\debug\guieditor.sbr
c:\users\joshua\dropbox\github\protheus-engine\scr\debug\guicontext.sbr
c:\users\joshua\dropbox\github\protheus-engine\scr\debug\guicollapsiblemenu.sbr
c:\users\joshua\dropbox\github\protheus-engine\scr\debug\guibutton.sbr
c:\users\joshua\dropbox\github\protheus-engine\scr\debug\game.sbr
c:\users\joshua\dropbox\github\protheus-engine\scr\debug\entrypoint.sbr
c:\users\joshua\dropbox\github\protheus-engine\scr\debug\window.sbr
c:\users\joshua\dropbox\github\protheus-engine\scr\debug\timer.sbr
c:\users\joshua\dropbox\github\protheus-engine\scr\debug\tile.sbr
c:\users\joshua\dropbox\github\protheus-engine\scr\debug\spritemanager.sbr
c:\users\joshua\dropbox\github\protheus-engine\scr\debug\spriteentity.sbr
c:\users\joshua\dropbox\github\protheus-engine\scr\debug\sprite.sbr
c:\users\joshua\dropbox\github\protheus-engine\scr\debug\scene.sbr
c:\users\joshua\dropbox\github\protheus-engine\scr\debug\scene.obj
c:\users\joshua\dropbox\github\protheus-engine\scr\debug\sprite.obj
c:\users\joshua\dropbox\github\protheus-engine\scr\debug\spriteentity.obj
c:\users\joshua\dropbox\github\protheus-engine\scr\debug\spritemanager.obj
c:\users\joshua\dropbox\github\protheus-engine\scr\debug\tile.obj
c:\users\joshua\dropbox\github\protheus-engine\scr\debug\timer.obj
c:\users\joshua\dropbox\github\protheus-engine\scr\debug\window.obj
c:\users\joshua\dropbox\github\protheus-engine\scr\debug\entrypoint.obj
c:\users\joshua\dropbox\github\protheus-engine\scr\debug\game.obj
c:\users\joshua\dropbox\github\protheus-engine\scr\debug\guibutton.obj
c:\users\joshua\dropbox\github\protheus-engine\scr\debug\guicollapsiblemenu.obj
c:\users\joshua\dropbox\github\protheus-engine\scr\debug\guicontext.obj
c:\users\joshua\dropbox\github\protheus-engine\scr\debug\guieditor.obj
c:\users\joshua\dropbox\github\protheus-engine\scr\debug\guilabel.obj
c:\users\joshua\dropbox\github\protheus-engine\scr\debug\guislider.obj
c:\users\joshua\dropbox\github\protheus-engine\scr\debug\guitext.obj
c:\users\joshua\dropbox\github\protheus-engine\scr\debug\guiwindow.obj
c:\users\joshua\dropbox\github\protheus-engine\scr\debug\guievent.obj
c:\users\joshua\dropbox\github\protheus-engine\scr\debug\guimenubar.obj
c:\users\joshua\dropbox\github\protheus-engine\scr\debug\guidropdownmenu.obj
c:\users\joshua\dropbox\github\protheus-engine\scr\debug\renderer.sbr
c:\users\joshua\dropbox\github\protheus-engine\scr\debug\network.sbr
c:\users\joshua\dropbox\github\protheus-engine\scr\debug\name.sbr
c:\users\joshua\dropbox\github\protheus-engine\scr\debug\map.sbr
c:\users\joshua\dropbox\github\protheus-engine\scr\debug\item.sbr
c:\users\joshua\dropbox\github\protheus-engine\scr\debug\inventory.sbr
c:\users\joshua\dropbox\github\protheus-engine\scr\debug\input.sbr
c:\users\joshua\dropbox\github\protheus-engine\scr\debug\idmanager.sbr
c:\users\joshua\dropbox\github\protheus-engine\scr\debug\guientity.sbr
c:\users\joshua\dropbox\github\protheus-engine\scr\debug\gui.sbr
c:\users\joshua\dropbox\github\protheus-engine\scr\debug\eventhandeler.sbr
c:\users\joshua\dropbox\github\protheus-engine\scr\debug\entity.sbr
c:\users\joshua\dropbox\github\protheus-engine\scr\debug\core.sbr
c:\users\joshua\dropbox\github\protheus-engine\scr\debug\camera.sbr
c:\users\joshua\dropbox\github\protheus-engine\scr\debug\avatar.sbr
c:\users\joshua\dropbox\github\protheus-engine\scr\debug\animatedsprite.sbr
c:\users\joshua\dropbox\github\protheus-engine\scr\debug\animatedentity.sbr
c:\users\joshua\dropbox\github\protheus-engine\scr\debug\animatedentity.obj
c:\users\joshua\dropbox\github\protheus-engine\scr\debug\animatedsprite.obj
c:\users\joshua\dropbox\github\protheus-engine\scr\debug\avatar.obj
c:\users\joshua\dropbox\github\protheus-engine\scr\debug\camera.obj
c:\users\joshua\dropbox\github\protheus-engine\scr\debug\core.obj
c:\users\joshua\dropbox\github\protheus-engine\scr\debug\entity.obj
c:\users\joshua\dropbox\github\protheus-engine\scr\debug\eventhandeler.obj
c:\users\joshua\dropbox\github\protheus-engine\scr\debug\gui.obj
c:\users\joshua\dropbox\github\protheus-engine\scr\debug\guientity.obj
c:\users\joshua\dropbox\github\protheus-engine\scr\debug\idmanager.obj
c:\users\joshua\dropbox\github\protheus-engine\scr\debug\input.obj
c:\users\joshua\dropbox\github\protheus-engine\scr\debug\inventory.obj
c:\users\joshua\dropbox\github\protheus-engine\scr\debug\item.obj
c:\users\joshua\dropbox\github\protheus-engine\scr\debug\map.obj
c:\users\joshua\dropbox\github\protheus-engine\scr\debug\name.obj
c:\users\joshua\dropbox\github\protheus-engine\scr\debug\network.obj
c:\users\joshua\dropbox\github\protheus-engine\scr\debug\renderer.obj
c:\users\joshua\dropbox\github\protheus-engine\debug\protheus.ilk
c:\users\joshua\dropbox\github\protheus-engine\debug\protheus.exe
c:\users\joshua\dropbox\github\protheus-engine\debug\protheus.pdb
c:\users\joshua\dropbox\github\protheus-engine\scr\debug\protheus.tlog\bscmake.command.1.tlog
c:\users\joshua\dropbox\github\protheus-engine\scr\debug\protheus.tlog\bscmake.read.1.tlog
c:\users\joshua\dropbox\github\protheus-engine\scr\debug\protheus.tlog\bscmake.write.1.tlog
c:\users\joshua\dropbox\github\protheus-engine\scr\debug\protheus.tlog\cl.command.1.tlog
c:\users\joshua\dropbox\github\protheus-engine\scr\debug\protheus.tlog\cl.read.1.tlog
c:\users\joshua\dropbox\github\protheus-engine\scr\debug\protheus.tlog\cl.write.1.tlog
c:\users\joshua\dropbox\github\protheus-engine\scr\debug\protheus.tlog\link.command.1.tlog
c:\users\joshua\dropbox\github\protheus-engine\scr\debug\protheus.tlog\link.read.1.tlog
c:\users\joshua\dropbox\github\protheus-engine\scr\debug\protheus.tlog\link.write.1.tlog
